<?xml version="1.0" encoding="UTF-8"?>
<!-- Generated by org.testng.reporters.JUnitReportReporter -->
<testsuite hostname="LTIN274102" failures="0" tests="26" name="TestCases.TestCaseTimeSheet" time="381.124" errors="2" timestamp="2024-02-12T21:13:35 IST" skipped="0">
  <testcase classname="TestCases.TestCaseTimeSheet" name="userVerification" time="13.472"/>
  <system-out/>
  <testcase classname="TestCases.TestCaseTimeSheet" name="userVerification" time="19.649"/>
  <system-out/>
  <testcase classname="TestCases.TestCaseTimeSheet" name="onecognizant" time="20.537"/>
  <system-out/>
  <testcase classname="TestCases.TestCaseTimeSheet" name="onecognizant" time="20.257"/>
  <system-out/>
  <testcase classname="TestCases.TestCaseTimeSheet" name="oneCognizantFunctions" time="6.373"/>
  <system-out/>
  <testcase classname="TestCases.TestCaseTimeSheet" name="oneCognizantFunctions" time="7.152"/>
  <system-out/>
  <testcase classname="TestCases.TestCaseTimeSheet" name="timeSheetNavigation" time="4.360"/>
  <system-out/>
  <testcase classname="TestCases.TestCaseTimeSheet" name="timeSheetNavigation" time="4.687"/>
  <system-out/>
  <testcase classname="TestCases.TestCaseTimeSheet" name="threeweek" time="2.824"/>
  <system-out/>
  <testcase classname="TestCases.TestCaseTimeSheet" name="threeweek" time="5.033"/>
  <system-out/>
  <testcase classname="TestCases.TestCaseTimeSheet" name="currentdate" time="5.414">
    <error message="Cannot load from object array because &quot;this.resultDate&quot; is null" type="java.lang.NullPointerException">
      <![CDATA[java.lang.NullPointerException: Cannot load from object array because "this.resultDate" is null
at PageObjects.timeSheet.dateValidationTimesheet(timeSheet.java:131)
at TestCases.TestCaseTimeSheet.currentdate(TestCaseTimeSheet.java:106)
at java.base/jdk.internal.reflect.NativeMethodAccessorImpl.invoke0(Native Method)
at java.base/jdk.internal.reflect.NativeMethodAccessorImpl.invoke(NativeMethodAccessorImpl.java:77)
at java.base/jdk.internal.reflect.DelegatingMethodAccessorImpl.invoke(DelegatingMethodAccessorImpl.java:43)
at java.base/java.lang.reflect.Method.invoke(Method.java:568)
at org.testng.internal.MethodInvocationHelper.invokeMethod(MethodInvocationHelper.java:133)
at org.testng.internal.TestInvoker.invokeMethod(TestInvoker.java:598)
at org.testng.internal.TestInvoker.invokeTestMethod(TestInvoker.java:173)
at org.testng.internal.MethodRunner.runInSequence(MethodRunner.java:46)
at org.testng.internal.TestInvoker$MethodInvocationAgent.invoke(TestInvoker.java:824)
at org.testng.internal.TestInvoker.invokeTestMethods(TestInvoker.java:146)
at org.testng.internal.TestMethodWorker.invokeTestMethods(TestMethodWorker.java:146)
at org.testng.internal.TestMethodWorker.run(TestMethodWorker.java:128)
at java.base/java.util.ArrayList.forEach(ArrayList.java:1511)
at org.testng.TestRunner.privateRun(TestRunner.java:794)
at org.testng.TestRunner.run(TestRunner.java:596)
at org.testng.SuiteRunner.runTest(SuiteRunner.java:377)
at org.testng.SuiteRunner.runSequentially(SuiteRunner.java:371)
at org.testng.SuiteRunner.privateRun(SuiteRunner.java:332)
at org.testng.SuiteRunner.run(SuiteRunner.java:276)
at org.testng.SuiteRunnerWorker.runSuite(SuiteRunnerWorker.java:53)
at org.testng.SuiteRunnerWorker.run(SuiteRunnerWorker.java:96)
at org.testng.TestNG.runSuitesSequentially(TestNG.java:1212)
at org.testng.TestNG.runSuitesLocally(TestNG.java:1134)
at org.testng.TestNG.runSuites(TestNG.java:1063)
at org.testng.TestNG.run(TestNG.java:1031)
at org.testng.remote.AbstractRemoteTestNG.run(AbstractRemoteTestNG.java:115)
at org.testng.remote.RemoteTestNG.initAndRun(RemoteTestNG.java:251)
at org.testng.remote.RemoteTestNG.main(RemoteTestNG.java:77)
]]>
    </error>
  </testcase> <!-- currentdate -->
  <system-out/>
  <testcase classname="TestCases.TestCaseTimeSheet" name="currentdate" time="6.096">
    <error message="Cannot load from object array because &quot;this.resultDate&quot; is null" type="java.lang.NullPointerException">
      <![CDATA[java.lang.NullPointerException: Cannot load from object array because "this.resultDate" is null
at PageObjects.timeSheet.dateValidationTimesheet(timeSheet.java:131)
at TestCases.TestCaseTimeSheet.currentdate(TestCaseTimeSheet.java:106)
at java.base/jdk.internal.reflect.NativeMethodAccessorImpl.invoke0(Native Method)
at java.base/jdk.internal.reflect.NativeMethodAccessorImpl.invoke(NativeMethodAccessorImpl.java:77)
at java.base/jdk.internal.reflect.DelegatingMethodAccessorImpl.invoke(DelegatingMethodAccessorImpl.java:43)
at java.base/java.lang.reflect.Method.invoke(Method.java:568)
at org.testng.internal.MethodInvocationHelper.invokeMethod(MethodInvocationHelper.java:133)
at org.testng.internal.TestInvoker.invokeMethod(TestInvoker.java:598)
at org.testng.internal.TestInvoker.invokeTestMethod(TestInvoker.java:173)
at org.testng.internal.MethodRunner.runInSequence(MethodRunner.java:46)
at org.testng.internal.TestInvoker$MethodInvocationAgent.invoke(TestInvoker.java:824)
at org.testng.internal.TestInvoker.invokeTestMethods(TestInvoker.java:146)
at org.testng.internal.TestMethodWorker.invokeTestMethods(TestMethodWorker.java:146)
at org.testng.internal.TestMethodWorker.run(TestMethodWorker.java:128)
at java.base/java.util.ArrayList.forEach(ArrayList.java:1511)
at org.testng.TestRunner.privateRun(TestRunner.java:794)
at org.testng.TestRunner.run(TestRunner.java:596)
at org.testng.SuiteRunner.runTest(SuiteRunner.java:377)
at org.testng.SuiteRunner.runSequentially(SuiteRunner.java:371)
at org.testng.SuiteRunner.privateRun(SuiteRunner.java:332)
at org.testng.SuiteRunner.run(SuiteRunner.java:276)
at org.testng.SuiteRunnerWorker.runSuite(SuiteRunnerWorker.java:53)
at org.testng.SuiteRunnerWorker.run(SuiteRunnerWorker.java:96)
at org.testng.TestNG.runSuitesSequentially(TestNG.java:1212)
at org.testng.TestNG.runSuitesLocally(TestNG.java:1134)
at org.testng.TestNG.runSuites(TestNG.java:1063)
at org.testng.TestNG.run(TestNG.java:1031)
at org.testng.remote.AbstractRemoteTestNG.run(AbstractRemoteTestNG.java:115)
at org.testng.remote.RemoteTestNG.initAndRun(RemoteTestNG.java:251)
at org.testng.remote.RemoteTestNG.main(RemoteTestNG.java:77)
]]>
    </error>
  </testcase> <!-- currentdate -->
  <system-out/>
  <testcase classname="TestCases.TestCaseTimeSheet" name="apr" time="49.658"/>
  <system-out/>
  <testcase classname="TestCases.TestCaseTimeSheet" name="apr" time="41.804"/>
  <system-out/>
  <testcase classname="TestCases.TestCaseTimeSheet" name="overDue" time="15.074"/>
  <system-out/>
  <testcase classname="TestCases.TestCaseTimeSheet" name="overDue" time="14.488"/>
  <system-out/>
  <testcase classname="TestCases.TestCaseTimeSheet" name="partially_aprv" time="14.496"/>
  <system-out/>
  <testcase classname="TestCases.TestCaseTimeSheet" name="partially_aprv" time="14.887"/>
  <system-out/>
  <testcase classname="TestCases.TestCaseTimeSheet" name="pending" time="16.266"/>
  <system-out/>
  <testcase classname="TestCases.TestCaseTimeSheet" name="pending" time="18.277"/>
  <system-out/>
  <testcase classname="TestCases.TestCaseTimeSheet" name="saved" time="14.565"/>
  <system-out/>
  <testcase classname="TestCases.TestCaseTimeSheet" name="saved" time="14.421"/>
  <system-out/>
  <testcase classname="TestCases.TestCaseTimeSheet" name="sendback" time="14.443"/>
  <system-out/>
  <testcase classname="TestCases.TestCaseTimeSheet" name="sendback" time="14.283"/>
  <system-out/>
  <testcase classname="TestCases.TestCaseTimeSheet" name="submit" time="11.371"/>
  <system-out/>
  <testcase classname="TestCases.TestCaseTimeSheet" name="submit" time="11.237"/>
  <system-out/>
</testsuite> <!-- TestCases.TestCaseTimeSheet -->
